2016-04-28 7:56:59 - PHP Notice:  Undefined index: install in /opt/bitnami/apache2/htdocs/ambacht/upload/admin/view/template/extension/analytics.tpl on line 44
2016-04-28 7:57:02 - PHP Notice:  Undefined index: install in /opt/bitnami/apache2/htdocs/ambacht/upload/admin/view/template/extension/captcha.tpl on line 45
2016-04-28 7:57:02 - PHP Notice:  Undefined index: install in /opt/bitnami/apache2/htdocs/ambacht/upload/admin/view/template/extension/captcha.tpl on line 45
2016-04-28 7:57:05 - PHP Notice:  Undefined index: install in /opt/bitnami/apache2/htdocs/ambacht/upload/admin/view/template/extension/feed.tpl on line 45
2016-04-28 7:57:05 - PHP Notice:  Undefined index: install in /opt/bitnami/apache2/htdocs/ambacht/upload/admin/view/template/extension/feed.tpl on line 45
2016-04-28 7:57:05 - PHP Notice:  Undefined index: install in /opt/bitnami/apache2/htdocs/ambacht/upload/admin/view/template/extension/feed.tpl on line 45
2016-04-28 7:57:10 - PHP Notice:  Undefined index: install in /opt/bitnami/apache2/htdocs/ambacht/upload/admin/view/template/extension/fraud.tpl on line 45
2016-04-28 7:57:10 - PHP Notice:  Undefined index: install in /opt/bitnami/apache2/htdocs/ambacht/upload/admin/view/template/extension/fraud.tpl on line 45
2016-04-28 7:57:10 - PHP Notice:  Undefined index: install in /opt/bitnami/apache2/htdocs/ambacht/upload/admin/view/template/extension/fraud.tpl on line 45
2016-04-28 7:57:12 - PHP Notice:  Undefined index: install in /opt/bitnami/apache2/htdocs/ambacht/upload/admin/view/template/extension/module.tpl on line 47
2016-04-28 7:57:12 - PHP Notice:  Undefined index: install in /opt/bitnami/apache2/htdocs/ambacht/upload/admin/view/template/extension/module.tpl on line 47
2016-04-28 7:57:12 - PHP Notice:  Undefined index: install in /opt/bitnami/apache2/htdocs/ambacht/upload/admin/view/template/extension/module.tpl on line 47
2016-04-28 7:57:12 - PHP Notice:  Undefined index: install in /opt/bitnami/apache2/htdocs/ambacht/upload/admin/view/template/extension/module.tpl on line 47
2016-04-28 7:57:12 - PHP Notice:  Undefined index: install in /opt/bitnami/apache2/htdocs/ambacht/upload/admin/view/template/extension/module.tpl on line 47
2016-04-28 7:57:12 - PHP Notice:  Undefined index: install in /opt/bitnami/apache2/htdocs/ambacht/upload/admin/view/template/extension/module.tpl on line 47
2016-04-28 7:57:12 - PHP Notice:  Undefined index: install in /opt/bitnami/apache2/htdocs/ambacht/upload/admin/view/template/extension/module.tpl on line 47
2016-04-28 7:57:12 - PHP Notice:  Undefined index: install in /opt/bitnami/apache2/htdocs/ambacht/upload/admin/view/template/extension/module.tpl on line 47
2016-04-28 7:57:12 - PHP Notice:  Undefined index: install in /opt/bitnami/apache2/htdocs/ambacht/upload/admin/view/template/extension/module.tpl on line 47
2016-04-28 7:57:12 - PHP Notice:  Undefined index: install in /opt/bitnami/apache2/htdocs/ambacht/upload/admin/view/template/extension/module.tpl on line 47
2016-04-28 7:57:12 - PHP Notice:  Undefined index: install in /opt/bitnami/apache2/htdocs/ambacht/upload/admin/view/template/extension/module.tpl on line 47
2016-04-28 7:57:12 - PHP Notice:  Undefined index: install in /opt/bitnami/apache2/htdocs/ambacht/upload/admin/view/template/extension/module.tpl on line 47
2016-04-28 7:57:12 - PHP Notice:  Undefined index: install in /opt/bitnami/apache2/htdocs/ambacht/upload/admin/view/template/extension/module.tpl on line 47
2016-04-28 7:57:12 - PHP Notice:  Undefined index: install in /opt/bitnami/apache2/htdocs/ambacht/upload/admin/view/template/extension/module.tpl on line 47
2016-04-28 7:57:12 - PHP Notice:  Undefined index: install in /opt/bitnami/apache2/htdocs/ambacht/upload/admin/view/template/extension/module.tpl on line 47
2016-04-28 7:57:12 - PHP Notice:  Undefined index: install in /opt/bitnami/apache2/htdocs/ambacht/upload/admin/view/template/extension/module.tpl on line 47
2016-04-28 7:57:12 - PHP Notice:  Undefined index: install in /opt/bitnami/apache2/htdocs/ambacht/upload/admin/view/template/extension/module.tpl on line 47
2016-04-28 7:57:29 - PHP Notice:  Undefined index: install in /opt/bitnami/apache2/htdocs/ambacht/upload/admin/view/template/extension/module.tpl on line 47
2016-04-28 7:57:29 - PHP Notice:  Undefined index: install in /opt/bitnami/apache2/htdocs/ambacht/upload/admin/view/template/extension/module.tpl on line 47
2016-04-28 7:57:29 - PHP Notice:  Undefined index: install in /opt/bitnami/apache2/htdocs/ambacht/upload/admin/view/template/extension/module.tpl on line 47
2016-04-28 7:57:29 - PHP Notice:  Undefined index: install in /opt/bitnami/apache2/htdocs/ambacht/upload/admin/view/template/extension/module.tpl on line 47
2016-04-28 7:57:29 - PHP Notice:  Undefined index: install in /opt/bitnami/apache2/htdocs/ambacht/upload/admin/view/template/extension/module.tpl on line 47
2016-04-28 7:57:29 - PHP Notice:  Undefined index: install in /opt/bitnami/apache2/htdocs/ambacht/upload/admin/view/template/extension/module.tpl on line 47
2016-04-28 7:57:29 - PHP Notice:  Undefined index: install in /opt/bitnami/apache2/htdocs/ambacht/upload/admin/view/template/extension/module.tpl on line 47
2016-04-28 7:57:29 - PHP Notice:  Undefined index: install in /opt/bitnami/apache2/htdocs/ambacht/upload/admin/view/template/extension/module.tpl on line 47
2016-04-28 7:57:29 - PHP Notice:  Undefined index: install in /opt/bitnami/apache2/htdocs/ambacht/upload/admin/view/template/extension/module.tpl on line 47
2016-04-28 7:57:29 - PHP Notice:  Undefined index: install in /opt/bitnami/apache2/htdocs/ambacht/upload/admin/view/template/extension/module.tpl on line 47
2016-04-28 7:57:29 - PHP Notice:  Undefined index: install in /opt/bitnami/apache2/htdocs/ambacht/upload/admin/view/template/extension/module.tpl on line 47
2016-04-28 7:57:29 - PHP Notice:  Undefined index: install in /opt/bitnami/apache2/htdocs/ambacht/upload/admin/view/template/extension/module.tpl on line 47
2016-04-28 7:57:29 - PHP Notice:  Undefined index: install in /opt/bitnami/apache2/htdocs/ambacht/upload/admin/view/template/extension/module.tpl on line 47
2016-04-28 7:57:29 - PHP Notice:  Undefined index: install in /opt/bitnami/apache2/htdocs/ambacht/upload/admin/view/template/extension/module.tpl on line 47
2016-04-28 7:57:29 - PHP Notice:  Undefined index: install in /opt/bitnami/apache2/htdocs/ambacht/upload/admin/view/template/extension/module.tpl on line 47
2016-04-28 7:57:29 - PHP Notice:  Undefined index: install in /opt/bitnami/apache2/htdocs/ambacht/upload/admin/view/template/extension/module.tpl on line 47
2016-04-28 7:57:29 - PHP Notice:  Undefined index: install in /opt/bitnami/apache2/htdocs/ambacht/upload/admin/view/template/extension/module.tpl on line 47
